2025-12-15 10:42:01,895 - INFO - 🚀 AI 프리미엄 추천 종목 리포트 스케줄러 시작
2025-12-15 10:42:01,896 - INFO - ⏰ 실행 시간: 매일 20:05
2025-12-15 10:42:01,896 - INFO - 📂 작업 디렉토리: D:\workspace\stockReport
2025-12-15 10:43:01,897 - INFO - ============================================================
2025-12-15 10:43:01,898 - INFO - AI 프리미엄 추천 종목 리포트 생성 시작
2025-12-15 10:43:01,898 - INFO - ============================================================
2025-12-15 10:43:21,647 - INFO - ✅ 리포트 생성 성공!
2025-12-15 10:43:21,647 - INFO - 출력:

======================================================================
🚀 AI 기반 프리미엄 추천 종목 리포트 v4 - 생성 시작
======================================================================

📊 리포트 데이터 분석 중...

[INFO] 기준일: 20251215
[INFO] 리포트 생성 완료 - 추천:0, 프리미엄:0, 관심:7

✅ 리포트 생성 완료!
   - 기준일: 20251215
   - 추천주: 0종목
   - 프리미엄: 0종목
   - 관심: 7종목

📤 발송 모드: github_pages
----------------------------------------------------------------------

[GitHub Pages] 업로드 시작...
[GitHub Pages] HTML 파일 저장: reports/Premium_AI_Report_v4_20251215.html
[GitHub Pages] 커밋 완료
[GitHub Pages] 푸시 완료
[GitHub Pages] 업로드 완료: https://jkkim74.github.io/stock-report/reports/Premium_AI_Report_v4_20251215.html
[INFO] GitHub Pages 반영까지 1-2분 소요됩니다
[Slack] 알림 전송 실패: invalid_token

======================================================================
⚠️ 발송 실패: GitHub Pages 업로드 완료, Slack 알림 실패
======================================================================


2025-12-15 10:43:21,648 - INFO - ============================================================
2025-12-15 10:52:49,499 - INFO - 🚀 AI 프리미엄 추천 종목 리포트 스케줄러 시작
2025-12-15 10:52:49,500 - INFO - ⏰ 실행 시간: 매일 20:05
2025-12-15 10:52:49,500 - INFO - 📂 작업 디렉토리: D:\workspace\stockReport
2025-12-15 10:52:54,023 - INFO - 
⏹️  스케줄러 종료됨 (Ctrl+C)
2025-12-15 10:53:14,977 - INFO - 🚀 AI 프리미엄 추천 종목 리포트 스케줄러 시작
2025-12-15 10:53:14,977 - INFO - ⏰ 실행 시간: 매일 20:05
2025-12-15 10:53:14,978 - INFO - 📂 작업 디렉토리: D:\workspace\stockReport
2025-12-15 10:54:14,978 - INFO - ============================================================
2025-12-15 10:54:14,979 - INFO - AI 프리미엄 추천 종목 리포트 생성 시작
2025-12-15 10:54:14,980 - INFO - ============================================================
2025-12-15 10:54:37,721 - INFO - ✅ 리포트 생성 성공!
2025-12-15 10:54:37,721 - INFO - 출력:

======================================================================
🚀 AI 기반 프리미엄 추천 종목 리포트 v4 - 생성 시작
======================================================================

📊 리포트 데이터 분석 중...

[INFO] 기준일: 20251215
[INFO] 리포트 생성 완료 - 추천:0, 프리미엄:0, 관심:9

✅ 리포트 생성 완료!
   - 기준일: 20251215
   - 추천주: 0종목
   - 프리미엄: 0종목
   - 관심: 9종목

📤 발송 모드: github_pages
----------------------------------------------------------------------

[GitHub Pages] 업로드 시작...
[GitHub Pages] HTML 파일 저장: reports/Premium_AI_Report_v4_20251215.html
[GitHub Pages] 커밋 완료
[GitHub Pages] Git 작업 실패: Command '['git', 'push', 'origin', 'main']' returned non-zero exit status 1.

======================================================================
⚠️ 발송 실패: 오류: Command '['git', 'push', 'origin', 'main']' returned non-zero exit status 1.
======================================================================


2025-12-15 10:54:37,722 - INFO - ============================================================
2025-12-15 11:01:49,141 - INFO - 
⏹️  스케줄러 종료됨 (Ctrl+C)
2025-12-15 11:01:50,462 - INFO - 🚀 AI 프리미엄 추천 종목 리포트 스케줄러 시작
2025-12-15 11:01:50,462 - INFO - ⏰ 실행 시간: 매일 20:05
2025-12-15 11:01:50,463 - INFO - 📂 작업 디렉토리: D:\workspace\stockReport
2025-12-15 11:01:53,594 - INFO - 
⏹️  스케줄러 종료됨 (Ctrl+C)
2025-12-15 11:02:22,775 - INFO - 🚀 AI 프리미엄 추천 종목 리포트 스케줄러 시작
2025-12-15 11:02:22,775 - INFO - ⏰ 실행 시간: 매일 20:05
2025-12-15 11:02:22,775 - INFO - 📂 작업 디렉토리: D:\workspace\stockReport
2025-12-15 11:03:22,776 - INFO - ============================================================
2025-12-15 11:03:22,777 - INFO - AI 프리미엄 추천 종목 리포트 생성 시작
2025-12-15 11:03:22,778 - INFO - ============================================================
2025-12-15 11:03:43,259 - INFO - ✅ 리포트 생성 성공!
2025-12-15 11:03:43,259 - INFO - 출력:

======================================================================
🚀 AI 기반 프리미엄 추천 종목 리포트 v4 - 생성 시작
======================================================================

📊 리포트 데이터 분석 중...

[INFO] 기준일: 20251215
[INFO] 리포트 생성 완료 - 추천:0, 프리미엄:0, 관심:10

✅ 리포트 생성 완료!
   - 기준일: 20251215
   - 추천주: 0종목
   - 프리미엄: 0종목
   - 관심: 10종목

📤 발송 모드: github_pages
----------------------------------------------------------------------

[GitHub Pages] 업로드 시작...
[GitHub Pages] HTML 파일 저장: reports/Premium_AI_Report_v4_20251215.html
[GitHub Pages] 커밋 완료
[GitHub Pages] 푸시 완료
[GitHub Pages] 업로드 완료: https://jkkim74.github.io/stock-report/reports/Premium_AI_Report_v4_20251215.html
[INFO] GitHub Pages 반영까지 1-2분 소요됩니다
[Slack] 알림 전송 완료!

======================================================================
✅ 발송 완료: GitHub Pages 업로드 및 Slack 알림 완료
🔗 URL: https://jkkim74.github.io/stock-report/reports/Premium_AI_Report_v4_20251215.html
======================================================================


2025-12-15 11:03:43,260 - INFO - ============================================================
2025-12-15 11:05:57,990 - INFO - 
⏹️  스케줄러 종료됨 (Ctrl+C)
2025-12-15 11:06:45,574 - INFO - 🚀 AI 프리미엄 추천 종목 리포트 스케줄러 시작
2025-12-15 11:06:45,575 - INFO - ⏰ 실행 시간: 매일 20:05
2025-12-15 11:06:45,575 - INFO - 📂 작업 디렉토리: D:\workspace\stockReport
2025-12-15 14:15:21,383 - INFO - 
⏹️  스케줄러 종료됨 (Ctrl+C)
2025-12-15 14:15:47,628 - INFO - 🚀 AI 프리미엄 추천 종목 리포트 스케줄러 시작
2025-12-15 14:15:47,628 - INFO - ⏰ 실행 시간: 매일 20:05
2025-12-15 14:15:47,628 - INFO - 📂 작업 디렉토리: D:\workspace\stockReport
2025-12-15 14:16:47,629 - INFO - ============================================================
2025-12-15 14:16:47,630 - INFO - AI 프리미엄 추천 종목 리포트 생성 시작
2025-12-15 14:16:47,630 - INFO - ============================================================
2025-12-15 14:17:19,840 - INFO - ✅ 리포트 생성 성공!
2025-12-15 14:17:19,841 - INFO - 출력:

======================================================================
🚀 AI 기반 프리미엄 추천 종목 리포트 v4 - 생성 시작
======================================================================

📊 리포트 데이터 분석 중...

[INFO] 기준일: 20251215
[INFO] 리포트 생성 완료 - 추천:0, 프리미엄:0, 관심:12

✅ 리포트 생성 완료!
   - 기준일: 20251215
   - 추천주: 0종목
   - 프리미엄: 0종목
   - 관심: 12종목

📤 발송 모드: telegram
----------------------------------------------------------------------

[Telegram] 발송 시작...
[Telegram] 미리보기 전송 완료
[Telegram] 파일 전송 완료
[Telegram] 발송 완료! (2/2 성공)

======================================================================
✅ 발송 완료: Telegram 발송 완료 (2/2 성공)
🔗 URL: https://t.me/bot
======================================================================


2025-12-15 14:17:19,841 - INFO - ============================================================
2025-12-15 14:18:02,609 - INFO - 
⏹️  스케줄러 종료됨 (Ctrl+C)
2025-12-15 18:44:08,975 - INFO - 🚀 AI 프리미엄 추천 종목 리포트 스케줄러 시작
2025-12-15 18:44:08,976 - INFO - ⏰ 실행 시간: 매일 20:05
2025-12-15 18:44:08,976 - INFO - 📂 작업 디렉토리: D:\workspace\stockReport
2025-12-15 20:05:09,003 - INFO - ============================================================
2025-12-15 20:05:09,004 - INFO - AI 프리미엄 추천 종목 리포트 생성 시작
2025-12-15 20:05:09,005 - INFO - ============================================================
2025-12-15 20:05:22,193 - INFO - ✅ 리포트 생성 성공!
2025-12-15 20:05:22,193 - INFO - 출력:

======================================================================
🚀 AI 기반 프리미엄 추천 종목 리포트 v4 - 생성 시작
======================================================================

📊 리포트 데이터 분석 중...

[INFO] 기준일: 20251215
[INFO] 리포트 생성 완료 - 추천:1, 프리미엄:0, 관심:10

✅ 리포트 생성 완료!
   - 기준일: 20251215
   - 추천주: 1종목
   - 프리미엄: 0종목
   - 관심: 10종목

📤 발송 모드: telegram
----------------------------------------------------------------------

[Telegram] 발송 시작...
[Telegram] 미리보기 전송 완료
[Telegram] 파일 전송 완료
[Telegram] 발송 완료! (2/2 성공)

======================================================================
✅ 발송 완료: Telegram 발송 완료 (2/2 성공)
🔗 URL: https://t.me/bot
======================================================================


2025-12-15 20:05:22,194 - INFO - ============================================================
